mode: set
franchise-saas-backend/internal/services/admin_service.go:29.49,34.2 1 0
franchise-saas-backend/internal/services/admin_service.go:36.162,42.2 1 1
franchise-saas-backend/internal/services/admin_service.go:45.76,69.23 16 0
franchise-saas-backend/internal/services/admin_service.go:69.23,71.3 1 0
franchise-saas-backend/internal/services/admin_service.go:73.2,94.8 4 0
franchise-saas-backend/internal/services/admin_service.go:98.92,100.16 2 1
franchise-saas-backend/internal/services/admin_service.go:100.16,102.3 1 0
franchise-saas-backend/internal/services/admin_service.go:104.2,105.17 2 1
franchise-saas-backend/internal/services/admin_service.go:105.17,107.3 1 0
franchise-saas-backend/internal/services/admin_service.go:109.2,110.28 2 1
franchise-saas-backend/internal/services/admin_service.go:110.28,111.27 1 1
franchise-saas-backend/internal/services/admin_service.go:111.27,113.4 1 1
franchise-saas-backend/internal/services/admin_service.go:116.2,120.8 1 1
franchise-saas-backend/internal/services/admin_service.go:124.162,125.16 1 1
franchise-saas-backend/internal/services/admin_service.go:125.16,127.3 1 1
franchise-saas-backend/internal/services/admin_service.go:128.2,128.16 1 1
franchise-saas-backend/internal/services/admin_service.go:128.16,130.3 1 0
franchise-saas-backend/internal/services/admin_service.go:132.2,133.16 2 1
franchise-saas-backend/internal/services/admin_service.go:133.16,135.3 1 0
franchise-saas-backend/internal/services/admin_service.go:137.2,138.16 2 1
franchise-saas-backend/internal/services/admin_service.go:138.16,140.3 1 0
franchise-saas-backend/internal/services/admin_service.go:142.2,142.25 1 1
franchise-saas-backend/internal/services/admin_service.go:146.93,148.16 2 1
franchise-saas-backend/internal/services/admin_service.go:148.16,150.3 1 0
franchise-saas-backend/internal/services/admin_service.go:152.2,153.28 2 1
franchise-saas-backend/internal/services/admin_service.go:153.28,165.3 1 1
franchise-saas-backend/internal/services/admin_service.go:166.2,166.21 1 1
franchise-saas-backend/internal/services/admin_service.go:170.103,177.2 3 0
franchise-saas-backend/internal/services/admin_service.go:180.84,187.2 3 0
franchise-saas-backend/internal/services/admin_service.go:190.76,193.16 3 0
franchise-saas-backend/internal/services/admin_service.go:193.16,195.3 1 0
franchise-saas-backend/internal/services/admin_service.go:196.2,196.21 1 0
franchise-saas-backend/internal/services/admin_service.go:211.108,213.16 2 1
franchise-saas-backend/internal/services/admin_service.go:213.16,215.3 1 0
franchise-saas-backend/internal/services/admin_service.go:216.2,216.28 1 1
franchise-saas-backend/internal/services/admin_service.go:216.28,217.25 1 1
franchise-saas-backend/internal/services/admin_service.go:217.25,219.4 1 1
franchise-saas-backend/internal/services/admin_service.go:222.2,232.16 3 1
franchise-saas-backend/internal/services/admin_service.go:232.16,234.3 1 0
franchise-saas-backend/internal/services/admin_service.go:236.2,236.28 1 1
franchise-saas-backend/internal/services/admin_service.go:236.28,245.3 2 0
franchise-saas-backend/internal/services/admin_service.go:247.2,247.21 1 1
franchise-saas-backend/internal/services/admin_service.go:251.111,253.16 2 0
franchise-saas-backend/internal/services/admin_service.go:253.16,255.3 1 0
franchise-saas-backend/internal/services/admin_service.go:256.2,256.19 1 0
franchise-saas-backend/internal/services/admin_service.go:256.19,258.3 1 0
franchise-saas-backend/internal/services/admin_service.go:259.2,259.22 1 0
franchise-saas-backend/internal/services/admin_service.go:259.22,261.3 1 0
franchise-saas-backend/internal/services/admin_service.go:262.2,262.80 1 0
franchise-saas-backend/internal/services/admin_service.go:266.56,268.2 1 0
franchise-saas-backend/internal/services/admin_service.go:271.58,273.2 1 0
franchise-saas-backend/internal/services/admin_service.go:276.79,278.16 2 1
franchise-saas-backend/internal/services/admin_service.go:278.16,280.3 1 0
franchise-saas-backend/internal/services/admin_service.go:281.2,281.19 1 1
franchise-saas-backend/internal/services/admin_service.go:281.19,283.3 1 1
franchise-saas-backend/internal/services/admin_service.go:285.2,286.47 2 0
franchise-saas-backend/internal/services/admin_service.go:290.78,292.16 2 1
franchise-saas-backend/internal/services/admin_service.go:292.16,294.3 1 1
franchise-saas-backend/internal/services/admin_service.go:295.2,295.19 1 1
franchise-saas-backend/internal/services/admin_service.go:295.19,297.3 1 0
franchise-saas-backend/internal/services/admin_service.go:300.2,301.16 2 1
franchise-saas-backend/internal/services/admin_service.go:301.16,303.3 1 0
franchise-saas-backend/internal/services/admin_service.go:304.2,304.19 1 1
franchise-saas-backend/internal/services/admin_service.go:304.19,306.3 1 1
franchise-saas-backend/internal/services/admin_service.go:308.2,309.47 2 1
franchise-saas-backend/internal/services/admin_service.go:314.61,318.2 3 0
franchise-saas-backend/internal/services/admin_service.go:320.99,326.49 2 0
franchise-saas-backend/internal/services/admin_service.go:326.49,328.3 1 0
franchise-saas-backend/internal/services/admin_service.go:329.2,329.19 1 0
franchise-saas-backend/internal/services/admin_service.go:333.113,335.52 2 0
franchise-saas-backend/internal/services/admin_service.go:335.52,337.3 1 0
franchise-saas-backend/internal/services/admin_service.go:339.2,343.47 4 0
franchise-saas-backend/internal/services/admin_service.go:343.47,345.3 1 0
franchise-saas-backend/internal/services/admin_service.go:346.2,346.19 1 0
franchise-saas-backend/internal/services/admin_service.go:350.55,352.2 1 0
franchise-saas-backend/internal/services/admin_service.go:356.138,364.48 2 0
franchise-saas-backend/internal/services/admin_service.go:364.48,366.3 1 0
franchise-saas-backend/internal/services/admin_service.go:367.2,367.18 1 0
franchise-saas-backend/internal/services/admin_service.go:370.75,378.2 3 0
franchise-saas-backend/internal/services/admin_service.go:380.67,386.2 2 0
franchise-saas-backend/internal/services/admin_service.go:407.71,426.13 8 0
franchise-saas-backend/internal/services/admin_service.go:426.13,428.3 1 0
franchise-saas-backend/internal/services/admin_service.go:431.2,446.15 8 0
franchise-saas-backend/internal/services/admin_service.go:446.15,448.3 1 0
franchise-saas-backend/internal/services/admin_service.go:450.2,461.8 1 0
franchise-saas-backend/internal/services/admin_service.go:467.78,474.20 5 0
franchise-saas-backend/internal/services/admin_service.go:474.20,476.3 1 0
franchise-saas-backend/internal/services/admin_service.go:479.2,489.22 8 0
franchise-saas-backend/internal/services/admin_service.go:489.22,491.3 1 0
franchise-saas-backend/internal/services/admin_service.go:493.2,505.8 1 0
franchise-saas-backend/internal/services/admin_service.go:520.66,523.82 2 0
franchise-saas-backend/internal/services/admin_service.go:523.82,525.3 1 0
franchise-saas-backend/internal/services/admin_service.go:527.2,531.28 4 0
franchise-saas-backend/internal/services/admin_service.go:531.28,536.52 3 0
franchise-saas-backend/internal/services/admin_service.go:536.52,539.4 2 0
franchise-saas-backend/internal/services/admin_service.go:543.3,547.29 4 0
franchise-saas-backend/internal/services/admin_service.go:547.29,549.47 2 0
franchise-saas-backend/internal/services/admin_service.go:549.47,552.5 2 0
franchise-saas-backend/internal/services/admin_service.go:553.9,556.4 2 0
franchise-saas-backend/internal/services/admin_service.go:560.3,562.16 3 0
franchise-saas-backend/internal/services/admin_service.go:562.16,565.18 3 0
franchise-saas-backend/internal/services/admin_service.go:565.18,568.5 2 0
franchise-saas-backend/internal/services/admin_service.go:572.3,572.48 1 0
franchise-saas-backend/internal/services/admin_service.go:572.48,581.4 1 0
franchise-saas-backend/internal/services/admin_service.go:586.2,586.34 1 0
franchise-saas-backend/internal/services/admin_service.go:586.34,587.39 1 0
franchise-saas-backend/internal/services/admin_service.go:587.39,588.51 1 0
franchise-saas-backend/internal/services/admin_service.go:588.51,590.5 1 0
franchise-saas-backend/internal/services/admin_service.go:594.2,594.19 1 0
franchise-saas-backend/internal/services/admin_service.go:600.75,611.26 6 0
franchise-saas-backend/internal/services/admin_service.go:611.26,613.3 1 0
franchise-saas-backend/internal/services/admin_service.go:618.2,622.29 4 0
franchise-saas-backend/internal/services/admin_service.go:622.29,624.3 1 0
franchise-saas-backend/internal/services/admin_service.go:626.2,631.29 5 0
franchise-saas-backend/internal/services/admin_service.go:631.29,633.3 1 0
franchise-saas-backend/internal/services/admin_service.go:637.2,638.13 2 0
franchise-saas-backend/internal/services/admin_service.go:638.13,640.3 1 0
franchise-saas-backend/internal/services/admin_service.go:642.2,648.8 1 0
franchise-saas-backend/internal/services/admin_service.go:652.67,659.2 2 0
franchise-saas-backend/internal/services/alert_service.go:28.142,30.2 1 0
franchise-saas-backend/internal/services/alert_service.go:32.102,34.2 1 1
franchise-saas-backend/internal/services/alert_service.go:36.193,37.19 1 1
franchise-saas-backend/internal/services/alert_service.go:37.19,39.3 1 1
franchise-saas-backend/internal/services/alert_service.go:40.2,40.129 1 1
franchise-saas-backend/internal/services/alert_service.go:40.129,42.3 1 1
franchise-saas-backend/internal/services/alert_service.go:44.2,55.44 2 1
franchise-saas-backend/internal/services/alert_service.go:58.103,60.2 1 1
franchise-saas-backend/internal/services/alert_service.go:62.91,64.16 2 1
franchise-saas-backend/internal/services/alert_service.go:64.16,66.3 1 1
franchise-saas-backend/internal/services/alert_service.go:67.2,67.25 1 1
franchise-saas-backend/internal/services/alert_service.go:70.89,72.16 2 1
franchise-saas-backend/internal/services/alert_service.go:72.16,74.3 1 1
franchise-saas-backend/internal/services/alert_service.go:75.2,75.18 1 1
franchise-saas-backend/internal/services/alert_service.go:75.18,77.3 1 1
franchise-saas-backend/internal/services/alert_service.go:78.2,78.28 1 1
franchise-saas-backend/internal/services/alert_service.go:78.28,80.3 1 1
franchise-saas-backend/internal/services/alert_service.go:81.2,81.45 1 1
franchise-saas-backend/internal/services/alert_service.go:84.83,86.16 2 1
franchise-saas-backend/internal/services/alert_service.go:86.16,88.3 1 1
franchise-saas-backend/internal/services/alert_service.go:89.2,89.22 1 1
franchise-saas-backend/internal/services/alert_service.go:89.22,91.3 1 1
franchise-saas-backend/internal/services/alert_service.go:92.2,92.47 1 1
franchise-saas-backend/internal/services/alert_service.go:95.90,97.16 2 1
franchise-saas-backend/internal/services/alert_service.go:97.16,99.3 1 1
franchise-saas-backend/internal/services/alert_service.go:100.2,100.18 1 1
franchise-saas-backend/internal/services/alert_service.go:100.18,102.3 1 1
franchise-saas-backend/internal/services/alert_service.go:103.2,103.28 1 1
franchise-saas-backend/internal/services/alert_service.go:103.28,105.3 1 1
franchise-saas-backend/internal/services/alert_service.go:106.2,106.46 1 1
franchise-saas-backend/internal/services/alert_service.go:109.115,122.2 5 0
franchise-saas-backend/internal/services/alert_service.go:124.101,128.2 1 0
franchise-saas-backend/internal/services/alert_service.go:130.91,132.56 2 0
franchise-saas-backend/internal/services/alert_service.go:132.56,134.3 1 0
franchise-saas-backend/internal/services/alert_service.go:136.2,136.25 1 0
franchise-saas-backend/internal/services/alert_service.go:136.25,138.3 1 0
franchise-saas-backend/internal/services/alert_service.go:139.2,148.43 6 0
franchise-saas-backend/internal/services/alert_service.go:148.43,161.3 2 0
franchise-saas-backend/internal/services/alert_service.go:163.2,168.35 4 0
franchise-saas-backend/internal/services/alert_service.go:168.35,181.3 2 0
franchise-saas-backend/internal/services/alert_service.go:183.2,191.21 5 0
franchise-saas-backend/internal/services/alert_service.go:191.21,197.16 4 0
franchise-saas-backend/internal/services/alert_service.go:197.16,210.4 2 0
franchise-saas-backend/internal/services/alert_service.go:213.2,223.18 5 0
franchise-saas-backend/internal/services/alert_service.go:223.18,227.16 3 0
franchise-saas-backend/internal/services/alert_service.go:227.16,240.4 2 0
franchise-saas-backend/internal/services/alert_service.go:243.2,243.12 1 0
franchise-saas-backend/internal/services/alert_service.go:246.37,249.2 2 0
franchise-saas-backend/internal/services/alert_service.go:251.36,253.2 1 0
franchise-saas-backend/internal/services/auth_service.go:25.47,30.2 1 0
franchise-saas-backend/internal/services/auth_service.go:32.141,37.2 1 0
franchise-saas-backend/internal/services/auth_service.go:40.122,44.16 3 0
franchise-saas-backend/internal/services/auth_service.go:44.16,46.3 1 0
franchise-saas-backend/internal/services/auth_service.go:47.2,50.66 3 0
franchise-saas-backend/internal/services/auth_service.go:50.66,52.3 1 0
franchise-saas-backend/internal/services/auth_service.go:54.2,59.57 5 0
franchise-saas-backend/internal/services/auth_service.go:59.57,61.3 1 0
franchise-saas-backend/internal/services/auth_service.go:62.2,62.18 1 0
franchise-saas-backend/internal/services/auth_service.go:66.92,68.16 2 0
franchise-saas-backend/internal/services/auth_service.go:68.16,70.3 1 0
franchise-saas-backend/internal/services/auth_service.go:71.2,75.74 4 0
franchise-saas-backend/internal/services/auth_service.go:75.74,77.3 1 0
franchise-saas-backend/internal/services/auth_service.go:78.2,78.18 1 0
franchise-saas-backend/internal/services/auth_service.go:82.82,84.16 2 0
franchise-saas-backend/internal/services/auth_service.go:84.16,86.3 1 0
franchise-saas-backend/internal/services/auth_service.go:89.2,89.87 1 0
franchise-saas-backend/internal/services/auth_service.go:89.87,91.3 1 0
franchise-saas-backend/internal/services/auth_service.go:97.2,98.16 2 0
franchise-saas-backend/internal/services/auth_service.go:98.16,100.3 1 0
franchise-saas-backend/internal/services/auth_service.go:102.2,102.23 1 0
franchise-saas-backend/internal/services/auth_service.go:106.153,108.18 2 0
franchise-saas-backend/internal/services/auth_service.go:108.18,110.3 1 0
franchise-saas-backend/internal/services/auth_service.go:112.2,113.21 2 0
franchise-saas-backend/internal/services/auth_service.go:113.21,115.3 1 0
franchise-saas-backend/internal/services/auth_service.go:117.2,118.20 2 0
franchise-saas-backend/internal/services/auth_service.go:118.20,120.3 1 0
franchise-saas-backend/internal/services/auth_service.go:122.2,141.35 6 0
franchise-saas-backend/internal/services/auth_service.go:145.85,148.87 2 0
franchise-saas-backend/internal/services/auth_service.go:148.87,150.3 1 0
franchise-saas-backend/internal/services/auth_service.go:151.2,151.32 1 0
franchise-saas-backend/internal/services/auth_service.go:151.32,153.3 1 0
franchise-saas-backend/internal/services/auth_service.go:155.2,156.9 2 0
franchise-saas-backend/internal/services/auth_service.go:156.9,158.3 1 0
franchise-saas-backend/internal/services/auth_service.go:160.2,161.9 2 0
franchise-saas-backend/internal/services/auth_service.go:161.9,163.3 1 0
franchise-saas-backend/internal/services/auth_service.go:165.2,166.19 2 0
franchise-saas-backend/internal/services/auth_service.go:166.19,168.3 1 0
franchise-saas-backend/internal/services/auth_service.go:170.2,172.16 3 0
franchise-saas-backend/internal/services/auth_service.go:172.16,174.3 1 0
franchise-saas-backend/internal/services/auth_service.go:176.2,176.86 1 0
franchise-saas-backend/internal/services/auth_service.go:180.71,182.2 1 0
franchise-saas-backend/internal/services/checklist_service.go:17.90,21.2 1 1
franchise-saas-backend/internal/services/checklist_service.go:24.155,26.40 1 1
franchise-saas-backend/internal/services/checklist_service.go:26.40,28.3 1 1
franchise-saas-backend/internal/services/checklist_service.go:31.2,31.72 1 1
franchise-saas-backend/internal/services/checklist_service.go:34.115,36.2 1 1
franchise-saas-backend/internal/services/checklist_service.go:38.119,40.2 1 1
franchise-saas-backend/internal/services/checklist_service.go:42.107,44.2 1 1
franchise-saas-backend/internal/services/checklist_service.go:46.94,50.2 3 1
franchise-saas-backend/internal/services/checklist_service.go:52.94,55.2 2 1
franchise-saas-backend/internal/services/checklist_service.go:58.97,60.16 2 1
franchise-saas-backend/internal/services/checklist_service.go:60.16,62.3 1 1
franchise-saas-backend/internal/services/checklist_service.go:67.2,69.41 3 1
franchise-saas-backend/internal/services/checklist_service.go:72.87,75.2 1 1
franchise-saas-backend/internal/services/checklist_service.go:77.85,79.2 1 1
franchise-saas-backend/internal/services/goal_service.go:50.62,50.94 1 1
franchise-saas-backend/internal/services/goal_service.go:53.56,61.42 2 1
franchise-saas-backend/internal/services/goal_service.go:61.42,62.24 1 1
franchise-saas-backend/internal/services/goal_service.go:62.24,64.4 1 1
franchise-saas-backend/internal/services/goal_service.go:66.2,66.14 1 1
franchise-saas-backend/internal/services/goal_service.go:70.125,72.40 2 1
franchise-saas-backend/internal/services/goal_service.go:72.40,74.3 1 1
franchise-saas-backend/internal/services/goal_service.go:76.2,77.16 2 1
franchise-saas-backend/internal/services/goal_service.go:77.16,79.3 1 0
franchise-saas-backend/internal/services/goal_service.go:81.2,82.75 2 1
franchise-saas-backend/internal/services/goal_service.go:82.75,84.3 1 1
franchise-saas-backend/internal/services/goal_service.go:84.8,84.77 1 0
franchise-saas-backend/internal/services/goal_service.go:84.77,86.3 1 0
franchise-saas-backend/internal/services/goal_service.go:88.2,90.25 2 1
franchise-saas-backend/internal/services/goal_service.go:90.25,92.3 1 1
franchise-saas-backend/internal/services/goal_service.go:93.2,93.23 1 1
franchise-saas-backend/internal/services/goal_service.go:93.23,95.3 1 1
franchise-saas-backend/internal/services/goal_service.go:96.2,96.45 1 1
franchise-saas-backend/internal/services/goal_service.go:96.45,98.3 1 0
franchise-saas-backend/internal/services/goal_service.go:99.2,99.45 1 1
franchise-saas-backend/internal/services/goal_service.go:99.45,101.3 1 0
franchise-saas-backend/internal/services/goal_service.go:102.2,117.20 3 1
franchise-saas-backend/internal/services/goal_service.go:117.20,120.3 2 1
franchise-saas-backend/internal/services/goal_service.go:121.2,121.49 1 1
franchise-saas-backend/internal/services/goal_service.go:121.49,123.3 1 0
franchise-saas-backend/internal/services/goal_service.go:124.2,124.18 1 1
franchise-saas-backend/internal/services/goal_service.go:128.136,130.16 2 1
franchise-saas-backend/internal/services/goal_service.go:130.16,132.3 1 1
franchise-saas-backend/internal/services/goal_service.go:134.2,134.23 1 1
franchise-saas-backend/internal/services/goal_service.go:134.23,136.3 1 1
franchise-saas-backend/internal/services/goal_service.go:137.2,137.23 1 1
franchise-saas-backend/internal/services/goal_service.go:137.23,139.3 1 0
franchise-saas-backend/internal/services/goal_service.go:140.2,140.23 1 1
franchise-saas-backend/internal/services/goal_service.go:140.23,142.3 1 0
franchise-saas-backend/internal/services/goal_service.go:143.2,143.26 1 1
franchise-saas-backend/internal/services/goal_service.go:143.26,145.3 1 0
franchise-saas-backend/internal/services/goal_service.go:146.2,146.22 1 1
franchise-saas-backend/internal/services/goal_service.go:146.22,148.3 1 0
franchise-saas-backend/internal/services/goal_service.go:149.2,149.25 1 1
franchise-saas-backend/internal/services/goal_service.go:149.25,151.3 1 0
franchise-saas-backend/internal/services/goal_service.go:152.2,152.23 1 1
franchise-saas-backend/internal/services/goal_service.go:152.23,154.3 1 0
franchise-saas-backend/internal/services/goal_service.go:156.2,156.49 1 1
franchise-saas-backend/internal/services/goal_service.go:156.49,158.3 1 0
franchise-saas-backend/internal/services/goal_service.go:159.2,159.18 1 1
franchise-saas-backend/internal/services/goal_service.go:163.111,165.2 1 1
franchise-saas-backend/internal/services/goal_service.go:168.114,170.2 1 1
franchise-saas-backend/internal/services/goal_service.go:173.72,175.2 1 1
franchise-saas-backend/internal/services/kpi_service.go:22.137,24.2 1 1
franchise-saas-backend/internal/services/kpi_service.go:26.205,28.2 1 1
franchise-saas-backend/internal/services/kpi_service.go:31.81,33.2 1 1
franchise-saas-backend/internal/services/kpi_service.go:35.154,36.28 1 1
franchise-saas-backend/internal/services/kpi_service.go:36.28,38.3 1 1
franchise-saas-backend/internal/services/kpi_service.go:40.2,49.15 6 0
franchise-saas-backend/internal/services/kpi_service.go:49.15,51.3 1 0
franchise-saas-backend/internal/services/kpi_service.go:51.8,53.3 1 0
franchise-saas-backend/internal/services/kpi_service.go:55.2,55.49 1 0
franchise-saas-backend/internal/services/kpi_service.go:55.49,57.3 1 0
franchise-saas-backend/internal/services/kpi_service.go:58.2,58.17 1 0
franchise-saas-backend/internal/services/kpi_service.go:58.17,60.3 1 0
franchise-saas-backend/internal/services/kpi_service.go:63.2,65.15 3 0
franchise-saas-backend/internal/services/kpi_service.go:65.15,67.3 1 0
franchise-saas-backend/internal/services/kpi_service.go:67.8,69.3 1 0
franchise-saas-backend/internal/services/kpi_service.go:70.2,75.15 4 0
franchise-saas-backend/internal/services/kpi_service.go:75.15,77.3 1 0
franchise-saas-backend/internal/services/kpi_service.go:77.8,79.3 1 0
franchise-saas-backend/internal/services/kpi_service.go:80.2,85.15 4 0
franchise-saas-backend/internal/services/kpi_service.go:85.15,87.3 1 0
franchise-saas-backend/internal/services/kpi_service.go:87.8,89.3 1 0
franchise-saas-backend/internal/services/kpi_service.go:91.2,100.18 7 0
franchise-saas-backend/internal/services/kpi_service.go:104.129,108.16 3 0
franchise-saas-backend/internal/services/kpi_service.go:109.14,111.12 2 0
franchise-saas-backend/internal/services/kpi_service.go:112.15,114.12 2 0
franchise-saas-backend/internal/services/kpi_service.go:115.10,117.12 2 0
franchise-saas-backend/internal/services/kpi_service.go:120.2,121.85 2 0
franchise-saas-backend/internal/services/kpi_service.go:121.85,123.3 1 0
franchise-saas-backend/internal/services/kpi_service.go:125.2,127.31 2 0
franchise-saas-backend/internal/services/kpi_service.go:127.31,128.25 1 0
franchise-saas-backend/internal/services/kpi_service.go:128.25,129.12 1 0
franchise-saas-backend/internal/services/kpi_service.go:133.3,190.5 19 0
franchise-saas-backend/internal/services/kpi_service.go:193.2,193.21 1 0
franchise-saas-backend/internal/services/kpi_service.go:196.61,198.14 2 0
franchise-saas-backend/internal/services/kpi_service.go:198.14,200.14 2 0
franchise-saas-backend/internal/services/kpi_service.go:200.14,202.4 1 0
franchise-saas-backend/internal/services/kpi_service.go:204.2,204.59 1 0
franchise-saas-backend/internal/services/kpi_service.go:207.58,209.2 1 0
franchise-saas-backend/internal/services/kpi_service.go:211.45,212.15 1 0
franchise-saas-backend/internal/services/kpi_service.go:212.15,214.3 1 0
franchise-saas-backend/internal/services/kpi_service.go:215.2,216.13 2 0
franchise-saas-backend/internal/services/kpi_service.go:216.13,218.3 1 0
franchise-saas-backend/internal/services/kpi_service.go:219.2,219.10 1 0
franchise-saas-backend/internal/services/kpi_service.go:223.133,226.19 2 0
franchise-saas-backend/internal/services/kpi_service.go:226.19,227.67 1 0
franchise-saas-backend/internal/services/kpi_service.go:227.67,229.4 1 0
franchise-saas-backend/internal/services/kpi_service.go:232.2,236.56 3 0
franchise-saas-backend/internal/services/kpi_service.go:236.56,238.3 1 0
franchise-saas-backend/internal/services/kpi_service.go:239.2,239.25 1 0
franchise-saas-backend/internal/services/kpi_service.go:239.25,241.3 1 0
franchise-saas-backend/internal/services/kpi_service.go:242.2,257.20 6 0
franchise-saas-backend/internal/services/kpi_service.go:257.20,261.3 1 0
franchise-saas-backend/internal/services/kpi_service.go:264.2,281.19 7 0
franchise-saas-backend/internal/services/kpi_service.go:281.19,284.29 3 0
franchise-saas-backend/internal/services/kpi_service.go:284.29,286.4 1 0
franchise-saas-backend/internal/services/kpi_service.go:287.8,289.20 1 0
franchise-saas-backend/internal/services/kpi_service.go:289.20,291.4 1 0
franchise-saas-backend/internal/services/kpi_service.go:298.2,311.24 7 0
franchise-saas-backend/internal/services/kpi_service.go:311.24,313.3 1 0
franchise-saas-backend/internal/services/kpi_service.go:314.2,314.22 1 0
franchise-saas-backend/internal/services/kpi_service.go:314.22,316.3 1 0
franchise-saas-backend/internal/services/kpi_service.go:322.2,326.19 5 0
franchise-saas-backend/internal/services/kpi_service.go:326.19,328.26 2 0
franchise-saas-backend/internal/services/kpi_service.go:328.26,330.4 1 0
franchise-saas-backend/internal/services/kpi_service.go:336.2,340.20 3 0
franchise-saas-backend/internal/services/kpi_service.go:340.20,342.3 1 0
franchise-saas-backend/internal/services/kpi_service.go:347.2,374.38 11 0
franchise-saas-backend/internal/services/kpi_service.go:374.38,376.3 1 0
franchise-saas-backend/internal/services/kpi_service.go:376.8,376.47 1 0
franchise-saas-backend/internal/services/kpi_service.go:376.47,378.3 1 0
franchise-saas-backend/internal/services/kpi_service.go:378.8,380.3 1 0
franchise-saas-backend/internal/services/kpi_service.go:383.2,391.20 4 0
franchise-saas-backend/internal/services/kpi_service.go:391.20,393.24 2 0
franchise-saas-backend/internal/services/kpi_service.go:393.24,395.4 1 0
franchise-saas-backend/internal/services/kpi_service.go:395.9,395.31 1 0
franchise-saas-backend/internal/services/kpi_service.go:395.31,397.4 1 0
franchise-saas-backend/internal/services/kpi_service.go:397.9,399.4 1 0
franchise-saas-backend/internal/services/kpi_service.go:400.8,402.3 1 0
franchise-saas-backend/internal/services/kpi_service.go:405.2,410.20 3 0
franchise-saas-backend/internal/services/kpi_service.go:410.20,412.25 2 0
franchise-saas-backend/internal/services/kpi_service.go:412.25,414.4 1 0
franchise-saas-backend/internal/services/kpi_service.go:414.9,414.32 1 0
franchise-saas-backend/internal/services/kpi_service.go:414.32,416.4 1 0
franchise-saas-backend/internal/services/kpi_service.go:416.9,418.4 1 0
franchise-saas-backend/internal/services/kpi_service.go:419.8,421.3 1 0
franchise-saas-backend/internal/services/kpi_service.go:426.2,430.30 3 0
franchise-saas-backend/internal/services/kpi_service.go:430.30,438.3 1 0
franchise-saas-backend/internal/services/kpi_service.go:440.2,440.18 1 0
franchise-saas-backend/internal/services/kpi_service.go:444.137,446.19 2 0
franchise-saas-backend/internal/services/kpi_service.go:446.19,447.67 1 0
franchise-saas-backend/internal/services/kpi_service.go:447.67,449.4 1 0
franchise-saas-backend/internal/services/kpi_service.go:452.2,460.56 3 0
franchise-saas-backend/internal/services/kpi_service.go:460.56,462.3 1 0
franchise-saas-backend/internal/services/kpi_service.go:463.2,463.25 1 0
franchise-saas-backend/internal/services/kpi_service.go:463.25,465.3 1 0
franchise-saas-backend/internal/services/kpi_service.go:466.2,478.16 5 0
franchise-saas-backend/internal/services/kpi_service.go:478.16,480.19 2 0
franchise-saas-backend/internal/services/kpi_service.go:480.19,487.4 6 0
franchise-saas-backend/internal/services/kpi_service.go:491.2,492.33 2 0
franchise-saas-backend/internal/services/kpi_service.go:492.33,494.3 1 0
franchise-saas-backend/internal/services/kpi_service.go:497.2,498.66 2 0
franchise-saas-backend/internal/services/kpi_service.go:498.66,500.20 2 0
franchise-saas-backend/internal/services/kpi_service.go:500.20,502.4 1 0
franchise-saas-backend/internal/services/kpi_service.go:503.3,510.20 2 0
franchise-saas-backend/internal/services/kpi_service.go:514.2,529.32 11 0
franchise-saas-backend/internal/services/kpi_service.go:529.32,541.3 2 0
franchise-saas-backend/internal/services/kpi_service.go:544.2,550.34 4 0
franchise-saas-backend/internal/services/kpi_service.go:550.34,552.33 2 0
franchise-saas-backend/internal/services/kpi_service.go:552.33,554.4 1 0
franchise-saas-backend/internal/services/kpi_service.go:555.3,564.5 1 0
franchise-saas-backend/internal/services/kpi_service.go:567.2,567.18 1 0
franchise-saas-backend/internal/services/kpi_service.go:571.141,573.19 2 0
franchise-saas-backend/internal/services/kpi_service.go:573.19,574.67 1 0
franchise-saas-backend/internal/services/kpi_service.go:574.67,576.4 1 0
franchise-saas-backend/internal/services/kpi_service.go:579.2,580.16 2 0
franchise-saas-backend/internal/services/kpi_service.go:581.14,583.23 2 0
franchise-saas-backend/internal/services/kpi_service.go:584.15,586.23 2 0
franchise-saas-backend/internal/services/kpi_service.go:587.17,590.23 3 0
franchise-saas-backend/internal/services/kpi_service.go:591.10,593.23 2 0
franchise-saas-backend/internal/services/kpi_service.go:596.2,606.56 3 0
franchise-saas-backend/internal/services/kpi_service.go:606.56,608.3 1 0
franchise-saas-backend/internal/services/kpi_service.go:609.2,609.25 1 0
franchise-saas-backend/internal/services/kpi_service.go:609.25,611.3 1 0
franchise-saas-backend/internal/services/kpi_service.go:612.2,621.31 6 0
franchise-saas-backend/internal/services/kpi_service.go:621.31,638.21 8 0
franchise-saas-backend/internal/services/kpi_service.go:638.21,640.4 1 0
franchise-saas-backend/internal/services/kpi_service.go:642.3,643.16 2 0
franchise-saas-backend/internal/services/kpi_service.go:643.16,645.4 1 0
franchise-saas-backend/internal/services/kpi_service.go:647.3,652.21 5 0
franchise-saas-backend/internal/services/kpi_service.go:652.21,655.4 2 0
franchise-saas-backend/internal/services/kpi_service.go:656.3,656.19 1 0
franchise-saas-backend/internal/services/kpi_service.go:656.19,659.4 2 0
franchise-saas-backend/internal/services/kpi_service.go:661.3,676.5 1 0
franchise-saas-backend/internal/services/kpi_service.go:679.2,679.23 1 0
franchise-saas-backend/internal/services/kpi_service.go:679.23,682.26 3 0
franchise-saas-backend/internal/services/kpi_service.go:682.26,684.4 1 0
franchise-saas-backend/internal/services/kpi_service.go:685.3,685.21 1 0
franchise-saas-backend/internal/services/kpi_service.go:685.21,687.4 1 0
franchise-saas-backend/internal/services/kpi_service.go:690.2,690.32 1 0
franchise-saas-backend/internal/services/kpi_service.go:690.32,691.26 1 0
franchise-saas-backend/internal/services/kpi_service.go:691.26,693.4 1 0
franchise-saas-backend/internal/services/kpi_service.go:694.3,695.19 2 0
franchise-saas-backend/internal/services/kpi_service.go:695.19,697.4 1 0
franchise-saas-backend/internal/services/kpi_service.go:698.3,698.29 1 0
franchise-saas-backend/internal/services/kpi_service.go:698.29,700.4 1 0
franchise-saas-backend/internal/services/kpi_service.go:701.3,701.24 1 0
franchise-saas-backend/internal/services/kpi_service.go:701.24,703.4 1 0
franchise-saas-backend/internal/services/kpi_service.go:706.2,706.45 1 0
franchise-saas-backend/internal/services/kpi_service.go:706.45,707.48 1 0
franchise-saas-backend/internal/services/kpi_service.go:707.48,708.61 1 0
franchise-saas-backend/internal/services/kpi_service.go:708.61,710.5 1 0
franchise-saas-backend/internal/services/kpi_service.go:714.2,714.18 1 0
franchise-saas-backend/internal/services/kpi_service.go:718.129,722.35 3 0
franchise-saas-backend/internal/services/kpi_service.go:722.35,737.16 8 0
franchise-saas-backend/internal/services/kpi_service.go:737.16,739.4 1 0
franchise-saas-backend/internal/services/kpi_service.go:741.3,746.5 1 0
franchise-saas-backend/internal/services/kpi_service.go:749.2,749.18 1 0
franchise-saas-backend/internal/services/kpi_service.go:753.141,755.19 2 0
franchise-saas-backend/internal/services/kpi_service.go:755.19,756.67 1 0
franchise-saas-backend/internal/services/kpi_service.go:756.67,758.4 1 0
franchise-saas-backend/internal/services/kpi_service.go:761.2,770.56 3 0
franchise-saas-backend/internal/services/kpi_service.go:770.56,772.3 1 0
franchise-saas-backend/internal/services/kpi_service.go:773.2,773.25 1 0
franchise-saas-backend/internal/services/kpi_service.go:773.25,775.3 1 0
franchise-saas-backend/internal/services/kpi_service.go:776.2,805.16 10 0
franchise-saas-backend/internal/services/kpi_service.go:805.16,807.19 2 0
franchise-saas-backend/internal/services/kpi_service.go:807.19,810.21 3 0
franchise-saas-backend/internal/services/kpi_service.go:810.21,812.5 1 0
franchise-saas-backend/internal/services/kpi_service.go:816.2,816.38 1 0
franchise-saas-backend/internal/services/kpi_service.go:816.38,818.23 2 0
franchise-saas-backend/internal/services/kpi_service.go:818.23,820.4 1 0
franchise-saas-backend/internal/services/kpi_service.go:821.3,830.5 1 0
franchise-saas-backend/internal/services/kpi_service.go:835.2,836.38 2 0
franchise-saas-backend/internal/services/kpi_service.go:836.38,841.20 5 0
franchise-saas-backend/internal/services/kpi_service.go:841.20,843.4 1 0
franchise-saas-backend/internal/services/kpi_service.go:844.3,852.5 1 0
franchise-saas-backend/internal/services/kpi_service.go:856.2,862.43 2 0
franchise-saas-backend/internal/services/kpi_service.go:862.43,869.3 2 0
franchise-saas-backend/internal/services/kpi_service.go:872.2,873.33 2 0
franchise-saas-backend/internal/services/kpi_service.go:873.33,881.3 3 0
franchise-saas-backend/internal/services/kpi_service.go:883.2,883.18 1 0
franchise-saas-backend/internal/services/kpi_service.go:887.135,901.56 3 0
franchise-saas-backend/internal/services/kpi_service.go:901.56,903.3 1 0
franchise-saas-backend/internal/services/kpi_service.go:904.2,904.25 1 0
franchise-saas-backend/internal/services/kpi_service.go:904.25,906.3 1 0
franchise-saas-backend/internal/services/kpi_service.go:907.2,918.21 5 0
franchise-saas-backend/internal/services/kpi_service.go:918.21,922.3 1 0
franchise-saas-backend/internal/services/kpi_service.go:925.2,925.21 1 0
franchise-saas-backend/internal/services/kpi_service.go:925.21,929.3 3 0
franchise-saas-backend/internal/services/kpi_service.go:931.2,936.93 4 0
franchise-saas-backend/internal/services/kpi_service.go:936.93,940.3 1 0
franchise-saas-backend/internal/services/kpi_service.go:942.2,943.20 2 0
franchise-saas-backend/internal/services/kpi_service.go:943.20,945.20 2 0
franchise-saas-backend/internal/services/kpi_service.go:945.20,947.4 1 0
franchise-saas-backend/internal/services/kpi_service.go:950.2,976.20 8 0
franchise-saas-backend/internal/services/kpi_service.go:976.20,978.3 1 0
franchise-saas-backend/internal/services/kpi_service.go:979.2,1016.20 6 0
franchise-saas-backend/internal/services/kpi_service.go:1016.20,1018.3 1 0
franchise-saas-backend/internal/services/kpi_service.go:1018.8,1018.26 1 0
franchise-saas-backend/internal/services/kpi_service.go:1018.26,1020.3 1 0
franchise-saas-backend/internal/services/kpi_service.go:1020.8,1020.26 1 0
franchise-saas-backend/internal/services/kpi_service.go:1020.26,1022.3 1 0
franchise-saas-backend/internal/services/kpi_service.go:1022.8,1024.3 1 0
franchise-saas-backend/internal/services/kpi_service.go:1025.2,1029.23 3 0
franchise-saas-backend/internal/services/kpi_service.go:1029.23,1031.3 1 0
franchise-saas-backend/internal/services/kpi_service.go:1031.8,1031.30 1 0
franchise-saas-backend/internal/services/kpi_service.go:1031.30,1033.3 1 0
franchise-saas-backend/internal/services/kpi_service.go:1033.8,1035.3 1 0
franchise-saas-backend/internal/services/kpi_service.go:1037.2,1037.18 1 0
franchise-saas-backend/internal/services/kpi_service.go:1041.133,1046.56 3 0
franchise-saas-backend/internal/services/kpi_service.go:1046.56,1048.3 1 0
franchise-saas-backend/internal/services/kpi_service.go:1051.2,1052.26 2 0
franchise-saas-backend/internal/services/kpi_service.go:1052.26,1054.3 1 0
franchise-saas-backend/internal/services/kpi_service.go:1056.2,1057.27 2 0
franchise-saas-backend/internal/services/kpi_service.go:1057.27,1058.90 1 0
franchise-saas-backend/internal/services/kpi_service.go:1058.90,1060.4 1 0
franchise-saas-backend/internal/services/kpi_service.go:1064.2,1065.31 2 0
franchise-saas-backend/internal/services/kpi_service.go:1065.31,1067.3 1 0
franchise-saas-backend/internal/services/kpi_service.go:1069.2,1069.24 1 0
franchise-saas-backend/internal/services/kpi_service.go:1069.24,1071.3 1 0
franchise-saas-backend/internal/services/kpi_service.go:1073.2,1074.19 2 0
franchise-saas-backend/internal/services/kpi_service.go:1074.19,1075.67 1 0
franchise-saas-backend/internal/services/kpi_service.go:1075.67,1077.4 1 0
franchise-saas-backend/internal/services/kpi_service.go:1079.2,1095.32 7 0
franchise-saas-backend/internal/services/kpi_service.go:1095.32,1097.3 1 0
franchise-saas-backend/internal/services/kpi_service.go:1100.2,1107.19 4 0
franchise-saas-backend/internal/services/kpi_service.go:1107.19,1109.24 2 0
franchise-saas-backend/internal/services/kpi_service.go:1109.24,1111.4 1 0
franchise-saas-backend/internal/services/kpi_service.go:1115.2,1130.18 10 0
franchise-saas-backend/internal/services/kpi_service.go:1134.133,1139.80 3 0
franchise-saas-backend/internal/services/kpi_service.go:1139.80,1141.3 1 0
franchise-saas-backend/internal/services/kpi_service.go:1143.2,1144.31 2 0
franchise-saas-backend/internal/services/kpi_service.go:1144.31,1146.3 1 0
franchise-saas-backend/internal/services/kpi_service.go:1148.2,1148.24 1 0
franchise-saas-backend/internal/services/kpi_service.go:1148.24,1150.3 1 0
franchise-saas-backend/internal/services/kpi_service.go:1152.2,1153.19 2 0
franchise-saas-backend/internal/services/kpi_service.go:1153.19,1154.67 1 0
franchise-saas-backend/internal/services/kpi_service.go:1154.67,1156.4 1 0
franchise-saas-backend/internal/services/kpi_service.go:1158.2,1183.16 7 0
franchise-saas-backend/internal/services/kpi_service.go:1183.16,1185.19 2 0
franchise-saas-backend/internal/services/kpi_service.go:1185.19,1189.4 3 0
franchise-saas-backend/internal/services/kpi_service.go:1191.3,1192.30 2 0
franchise-saas-backend/internal/services/kpi_service.go:1192.30,1194.4 1 0
franchise-saas-backend/internal/services/kpi_service.go:1196.3,1203.43 8 0
franchise-saas-backend/internal/services/kpi_service.go:1204.7,1207.3 1 0
franchise-saas-backend/internal/services/kpi_service.go:1210.2,1210.64 1 0
franchise-saas-backend/internal/services/kpi_service.go:1210.64,1220.3 9 0
franchise-saas-backend/internal/services/kpi_service.go:1223.2,1249.36 8 0
franchise-saas-backend/internal/services/kpi_service.go:1249.36,1251.23 2 0
franchise-saas-backend/internal/services/kpi_service.go:1251.23,1253.4 1 0
franchise-saas-backend/internal/services/kpi_service.go:1254.3,1259.5 1 0
franchise-saas-backend/internal/services/kpi_service.go:1262.2,1262.18 1 0
franchise-saas-backend/internal/services/kpi_service.go:1266.139,1271.80 3 0
franchise-saas-backend/internal/services/kpi_service.go:1271.80,1273.3 1 0
franchise-saas-backend/internal/services/kpi_service.go:1275.2,1276.31 2 0
franchise-saas-backend/internal/services/kpi_service.go:1276.31,1278.3 1 0
franchise-saas-backend/internal/services/kpi_service.go:1280.2,1280.24 1 0
franchise-saas-backend/internal/services/kpi_service.go:1280.24,1282.3 1 0
franchise-saas-backend/internal/services/kpi_service.go:1284.2,1285.19 2 0
franchise-saas-backend/internal/services/kpi_service.go:1285.19,1286.67 1 0
franchise-saas-backend/internal/services/kpi_service.go:1286.67,1288.4 1 0
franchise-saas-backend/internal/services/kpi_service.go:1291.2,1292.46 2 0
franchise-saas-backend/internal/services/kpi_service.go:1292.46,1296.3 3 0
franchise-saas-backend/internal/services/kpi_service.go:1298.2,1298.16 1 0
franchise-saas-backend/internal/services/kpi_service.go:1299.14,1301.23 2 0
franchise-saas-backend/internal/services/kpi_service.go:1302.17,1304.23 2 0
franchise-saas-backend/internal/services/kpi_service.go:1305.14,1307.23 2 0
franchise-saas-backend/internal/services/kpi_service.go:1308.10,1310.23 2 0
franchise-saas-backend/internal/services/kpi_service.go:1314.2,1331.31 8 0
franchise-saas-backend/internal/services/kpi_service.go:1331.31,1340.26 4 0
franchise-saas-backend/internal/services/kpi_service.go:1340.26,1345.4 1 0
franchise-saas-backend/internal/services/kpi_service.go:1348.3,1348.16 1 0
franchise-saas-backend/internal/services/kpi_service.go:1348.16,1352.4 1 0
franchise-saas-backend/internal/services/kpi_service.go:1355.3,1360.15 3 0
franchise-saas-backend/internal/services/kpi_service.go:1360.15,1362.4 1 0
franchise-saas-backend/internal/services/kpi_service.go:1364.3,1365.21 2 0
franchise-saas-backend/internal/services/kpi_service.go:1365.21,1367.4 1 0
franchise-saas-backend/internal/services/kpi_service.go:1367.9,1367.27 1 0
franchise-saas-backend/internal/services/kpi_service.go:1367.27,1369.4 1 0
franchise-saas-backend/internal/services/kpi_service.go:1371.3,1380.5 1 0
franchise-saas-backend/internal/services/kpi_service.go:1383.2,1383.18 1 0
franchise-saas-backend/internal/services/kpi_service.go:1387.135,1391.83 3 0
franchise-saas-backend/internal/services/kpi_service.go:1391.83,1393.3 1 0
franchise-saas-backend/internal/services/kpi_service.go:1395.2,1396.31 2 0
franchise-saas-backend/internal/services/kpi_service.go:1396.31,1397.25 1 0
franchise-saas-backend/internal/services/kpi_service.go:1397.25,1399.4 1 0
franchise-saas-backend/internal/services/kpi_service.go:1402.2,1402.24 1 0
franchise-saas-backend/internal/services/kpi_service.go:1402.24,1404.3 1 0
franchise-saas-backend/internal/services/kpi_service.go:1406.2,1407.19 2 0
franchise-saas-backend/internal/services/kpi_service.go:1407.19,1408.67 1 0
franchise-saas-backend/internal/services/kpi_service.go:1408.67,1410.4 1 0
franchise-saas-backend/internal/services/kpi_service.go:1412.2,1434.16 6 0
franchise-saas-backend/internal/services/kpi_service.go:1434.16,1436.19 2 0
franchise-saas-backend/internal/services/kpi_service.go:1436.19,1439.21 3 0
franchise-saas-backend/internal/services/kpi_service.go:1439.21,1441.5 1 0
franchise-saas-backend/internal/services/kpi_service.go:1445.2,1445.30 1 0
franchise-saas-backend/internal/services/kpi_service.go:1445.30,1447.28 2 0
franchise-saas-backend/internal/services/kpi_service.go:1447.28,1449.4 1 0
franchise-saas-backend/internal/services/kpi_service.go:1450.3,1456.5 1 0
franchise-saas-backend/internal/services/kpi_service.go:1460.2,1461.34 2 0
franchise-saas-backend/internal/services/kpi_service.go:1461.34,1470.3 1 0
franchise-saas-backend/internal/services/kpi_service.go:1472.2,1472.18 1 0
franchise-saas-backend/internal/services/kpi_service.go:1476.141,1481.56 3 0
franchise-saas-backend/internal/services/kpi_service.go:1481.56,1483.3 1 0
franchise-saas-backend/internal/services/kpi_service.go:1486.2,1487.87 2 0
franchise-saas-backend/internal/services/kpi_service.go:1487.87,1489.3 1 0
franchise-saas-backend/internal/services/kpi_service.go:1491.2,1492.31 2 0
franchise-saas-backend/internal/services/kpi_service.go:1492.31,1494.3 1 0
franchise-saas-backend/internal/services/kpi_service.go:1496.2,1496.24 1 0
franchise-saas-backend/internal/services/kpi_service.go:1496.24,1498.3 1 0
franchise-saas-backend/internal/services/kpi_service.go:1500.2,1501.19 2 0
franchise-saas-backend/internal/services/kpi_service.go:1501.19,1502.67 1 0
franchise-saas-backend/internal/services/kpi_service.go:1502.67,1504.4 1 0
franchise-saas-backend/internal/services/kpi_service.go:1506.2,1522.19 7 0
franchise-saas-backend/internal/services/kpi_service.go:1522.19,1524.3 1 0
franchise-saas-backend/internal/services/kpi_service.go:1527.2,1531.19 5 0
franchise-saas-backend/internal/services/kpi_service.go:1531.19,1533.3 1 0
franchise-saas-backend/internal/services/kpi_service.go:1536.2,1541.20 5 0
franchise-saas-backend/internal/services/kpi_service.go:1541.20,1543.3 1 0
franchise-saas-backend/internal/services/kpi_service.go:1545.2,1551.18 6 0
franchise-saas-backend/internal/services/kpi_service.go:1555.149,1560.126 3 0
franchise-saas-backend/internal/services/kpi_service.go:1560.126,1562.3 1 0
franchise-saas-backend/internal/services/kpi_service.go:1564.2,1564.24 1 0
franchise-saas-backend/internal/services/kpi_service.go:1564.24,1566.3 1 0
franchise-saas-backend/internal/services/kpi_service.go:1569.2,1570.29 2 0
franchise-saas-backend/internal/services/kpi_service.go:1570.29,1572.3 1 0
franchise-saas-backend/internal/services/kpi_service.go:1574.2,1575.119 2 0
franchise-saas-backend/internal/services/kpi_service.go:1575.119,1577.3 1 0
franchise-saas-backend/internal/services/kpi_service.go:1579.2,1579.23 1 0
franchise-saas-backend/internal/services/kpi_service.go:1579.23,1581.3 1 0
franchise-saas-backend/internal/services/kpi_service.go:1583.2,1584.28 2 0
franchise-saas-backend/internal/services/kpi_service.go:1584.28,1586.3 1 0
franchise-saas-backend/internal/services/kpi_service.go:1588.2,1589.19 2 0
franchise-saas-backend/internal/services/kpi_service.go:1589.19,1590.67 1 0
franchise-saas-backend/internal/services/kpi_service.go:1590.67,1592.4 1 0
franchise-saas-backend/internal/services/kpi_service.go:1595.2,1596.16 2 0
franchise-saas-backend/internal/services/kpi_service.go:1597.14,1599.23 2 0
franchise-saas-backend/internal/services/kpi_service.go:1600.17,1604.23 4 0
franchise-saas-backend/internal/services/kpi_service.go:1605.10,1607.23 2 0
franchise-saas-backend/internal/services/kpi_service.go:1611.2,1611.33 1 0
franchise-saas-backend/internal/services/kpi_service.go:1611.33,1621.15 5 0
franchise-saas-backend/internal/services/kpi_service.go:1621.15,1623.4 1 0
franchise-saas-backend/internal/services/kpi_service.go:1626.3,1630.20 4 0
franchise-saas-backend/internal/services/kpi_service.go:1630.20,1632.4 1 0
franchise-saas-backend/internal/services/kpi_service.go:1632.9,1632.27 1 0
franchise-saas-backend/internal/services/kpi_service.go:1632.27,1634.4 1 0
franchise-saas-backend/internal/services/kpi_service.go:1636.3,1644.5 1 0
franchise-saas-backend/internal/services/kpi_service.go:1648.2,1661.33 5 0
franchise-saas-backend/internal/services/kpi_service.go:1661.33,1662.29 1 0
franchise-saas-backend/internal/services/kpi_service.go:1662.29,1666.33 3 0
franchise-saas-backend/internal/services/kpi_service.go:1666.33,1668.5 1 0
franchise-saas-backend/internal/services/kpi_service.go:1672.2,1672.23 1 0
franchise-saas-backend/internal/services/kpi_service.go:1672.23,1676.3 1 0
franchise-saas-backend/internal/services/kpi_service.go:1679.2,1679.26 1 0
franchise-saas-backend/internal/services/kpi_service.go:1679.26,1681.3 1 0
franchise-saas-backend/internal/services/kpi_service.go:1681.8,1683.3 1 0
franchise-saas-backend/internal/services/kpi_service.go:1686.2,1687.19 2 0
franchise-saas-backend/internal/services/kpi_service.go:1687.19,1689.3 1 0
franchise-saas-backend/internal/services/kpi_service.go:1692.2,1694.20 3 0
franchise-saas-backend/internal/services/kpi_service.go:1694.20,1697.3 2 0
franchise-saas-backend/internal/services/kpi_service.go:1698.2,1699.19 2 0
franchise-saas-backend/internal/services/kpi_service.go:1699.19,1701.3 1 0
franchise-saas-backend/internal/services/kpi_service.go:1704.2,1705.33 2 0
franchise-saas-backend/internal/services/kpi_service.go:1705.33,1708.29 2 0
franchise-saas-backend/internal/services/kpi_service.go:1708.29,1711.33 3 0
franchise-saas-backend/internal/services/kpi_service.go:1711.33,1713.5 1 0
franchise-saas-backend/internal/services/kpi_service.go:1716.3,1721.42 3 0
franchise-saas-backend/internal/services/kpi_service.go:1721.42,1726.33 3 0
franchise-saas-backend/internal/services/kpi_service.go:1726.33,1728.5 1 0
franchise-saas-backend/internal/services/kpi_service.go:1733.2,1734.23 2 0
franchise-saas-backend/internal/services/kpi_service.go:1734.23,1736.3 1 0
franchise-saas-backend/internal/services/kpi_service.go:1738.2,1749.18 2 0
franchise-saas-backend/internal/services/kpi_service.go:1753.123,1758.126 3 0
franchise-saas-backend/internal/services/kpi_service.go:1758.126,1760.3 1 0
franchise-saas-backend/internal/services/kpi_service.go:1762.2,1762.24 1 0
franchise-saas-backend/internal/services/kpi_service.go:1762.24,1764.3 1 0
franchise-saas-backend/internal/services/kpi_service.go:1766.2,1767.29 2 0
franchise-saas-backend/internal/services/kpi_service.go:1767.29,1769.3 1 0
franchise-saas-backend/internal/services/kpi_service.go:1771.2,1772.119 2 0
franchise-saas-backend/internal/services/kpi_service.go:1772.119,1774.3 1 0
franchise-saas-backend/internal/services/kpi_service.go:1776.2,1777.28 2 0
franchise-saas-backend/internal/services/kpi_service.go:1777.28,1779.3 1 0
franchise-saas-backend/internal/services/kpi_service.go:1781.2,1781.25 1 0
franchise-saas-backend/internal/services/kpi_service.go:1781.25,1783.3 1 0
franchise-saas-backend/internal/services/kpi_service.go:1786.2,1790.20 4 0
franchise-saas-backend/internal/services/kpi_service.go:1790.20,1792.3 1 0
franchise-saas-backend/internal/services/kpi_service.go:1792.8,1794.3 1 0
franchise-saas-backend/internal/services/kpi_service.go:1797.2,1797.33 1 0
franchise-saas-backend/internal/services/kpi_service.go:1797.33,1803.16 3 0
franchise-saas-backend/internal/services/kpi_service.go:1803.16,1810.4 1 0
franchise-saas-backend/internal/services/kpi_service.go:1814.2,1818.18 4 0
franchise-saas-backend/internal/services/kpi_service.go:1822.119,1827.126 3 0
franchise-saas-backend/internal/services/kpi_service.go:1827.126,1829.3 1 0
franchise-saas-backend/internal/services/kpi_service.go:1831.2,1831.31 1 0
franchise-saas-backend/internal/services/kpi_service.go:1831.31,1842.3 3 0
franchise-saas-backend/internal/services/kpi_service.go:1844.2,1844.18 1 0
franchise-saas-backend/internal/services/kpi_service.go:1848.139,1853.114 3 0
franchise-saas-backend/internal/services/kpi_service.go:1853.114,1855.3 1 0
franchise-saas-backend/internal/services/kpi_service.go:1857.2,1857.23 1 0
franchise-saas-backend/internal/services/kpi_service.go:1857.23,1859.3 1 0
franchise-saas-backend/internal/services/kpi_service.go:1861.2,1862.28 2 0
franchise-saas-backend/internal/services/kpi_service.go:1862.28,1864.3 1 0
franchise-saas-backend/internal/services/kpi_service.go:1866.2,1867.19 2 0
franchise-saas-backend/internal/services/kpi_service.go:1867.19,1868.67 1 0
franchise-saas-backend/internal/services/kpi_service.go:1868.67,1870.4 1 0
franchise-saas-backend/internal/services/kpi_service.go:1872.2,1884.19 6 0
franchise-saas-backend/internal/services/kpi_service.go:1884.19,1886.3 1 0
franchise-saas-backend/internal/services/kpi_service.go:1889.2,1893.19 5 0
franchise-saas-backend/internal/services/kpi_service.go:1893.19,1895.3 1 0
franchise-saas-backend/internal/services/kpi_service.go:1898.2,1899.33 2 0
franchise-saas-backend/internal/services/kpi_service.go:1899.33,1904.49 3 0
franchise-saas-backend/internal/services/kpi_service.go:1904.49,1906.4 1 0
franchise-saas-backend/internal/services/kpi_service.go:1908.2,1916.20 6 0
franchise-saas-backend/internal/services/kpi_service.go:1916.20,1918.3 1 0
franchise-saas-backend/internal/services/kpi_service.go:1920.2,1922.18 2 0
franchise-saas-backend/internal/services/kpi_service.go:1926.145,1930.114 3 0
franchise-saas-backend/internal/services/kpi_service.go:1930.114,1932.3 1 0
franchise-saas-backend/internal/services/kpi_service.go:1934.2,1935.28 2 0
franchise-saas-backend/internal/services/kpi_service.go:1935.28,1937.3 1 0
franchise-saas-backend/internal/services/kpi_service.go:1939.2,1939.25 1 0
franchise-saas-backend/internal/services/kpi_service.go:1939.25,1941.3 1 0
franchise-saas-backend/internal/services/kpi_service.go:1943.2,1944.19 2 0
franchise-saas-backend/internal/services/kpi_service.go:1944.19,1945.67 1 0
franchise-saas-backend/internal/services/kpi_service.go:1945.67,1947.4 1 0
franchise-saas-backend/internal/services/kpi_service.go:1951.2,1964.18 7 0
franchise-saas-backend/internal/services/kpi_service.go:1968.140,1972.114 3 0
franchise-saas-backend/internal/services/kpi_service.go:1972.114,1974.3 1 0
franchise-saas-backend/internal/services/kpi_service.go:1976.2,1977.28 2 0
franchise-saas-backend/internal/services/kpi_service.go:1977.28,1979.3 1 0
franchise-saas-backend/internal/services/kpi_service.go:1981.2,1981.25 1 0
franchise-saas-backend/internal/services/kpi_service.go:1981.25,1983.3 1 0
franchise-saas-backend/internal/services/kpi_service.go:1985.2,1987.16 3 0
franchise-saas-backend/internal/services/kpi_service.go:1988.14,1990.16 2 0
franchise-saas-backend/internal/services/kpi_service.go:1991.17,1995.16 4 0
franchise-saas-backend/internal/services/kpi_service.go:1996.10,1998.16 2 0
franchise-saas-backend/internal/services/kpi_service.go:2002.2,2002.33 1 0
franchise-saas-backend/internal/services/kpi_service.go:2002.33,2012.15 5 0
franchise-saas-backend/internal/services/kpi_service.go:2012.15,2014.4 1 0
franchise-saas-backend/internal/services/kpi_service.go:2016.3,2022.5 1 0
franchise-saas-backend/internal/services/kpi_service.go:2026.2,2037.18 6 0
franchise-saas-backend/internal/services/kpi_service.go:2041.137,2046.114 3 0
franchise-saas-backend/internal/services/kpi_service.go:2046.114,2048.3 1 0
franchise-saas-backend/internal/services/kpi_service.go:2050.2,2051.28 2 0
franchise-saas-backend/internal/services/kpi_service.go:2051.28,2053.3 1 0
franchise-saas-backend/internal/services/kpi_service.go:2056.2,2057.24 2 0
franchise-saas-backend/internal/services/kpi_service.go:2057.24,2059.3 1 0
franchise-saas-backend/internal/services/kpi_service.go:2061.2,2061.29 1 0
franchise-saas-backend/internal/services/kpi_service.go:2061.29,2069.3 1 0
franchise-saas-backend/internal/services/kpi_service.go:2072.2,2078.18 4 0
franchise-saas-backend/internal/services/kpi_service.go:2082.129,2086.114 3 0
franchise-saas-backend/internal/services/kpi_service.go:2086.114,2088.3 1 0
franchise-saas-backend/internal/services/kpi_service.go:2090.2,2091.28 2 0
franchise-saas-backend/internal/services/kpi_service.go:2091.28,2093.3 1 0
franchise-saas-backend/internal/services/kpi_service.go:2095.2,2095.25 1 0
franchise-saas-backend/internal/services/kpi_service.go:2095.25,2097.3 1 0
franchise-saas-backend/internal/services/kpi_service.go:2100.2,2105.20 5 0
franchise-saas-backend/internal/services/kpi_service.go:2105.20,2107.3 1 0
franchise-saas-backend/internal/services/kpi_service.go:2110.2,2120.18 6 0
franchise-saas-backend/internal/services/kpi_service.go:2125.113,2131.16 4 0
franchise-saas-backend/internal/services/kpi_service.go:2131.16,2133.3 1 0
franchise-saas-backend/internal/services/kpi_service.go:2136.2,2152.16 3 0
franchise-saas-backend/internal/services/kpi_service.go:2152.16,2154.3 1 0
franchise-saas-backend/internal/services/kpi_service.go:2155.2,2158.18 3 0
franchise-saas-backend/internal/services/kpi_service.go:2158.18,2174.3 4 0
franchise-saas-backend/internal/services/kpi_service.go:2176.2,2178.31 3 0
franchise-saas-backend/internal/services/kpi_service.go:2178.31,2179.18 1 0
franchise-saas-backend/internal/services/kpi_service.go:2179.18,2181.4 1 0
franchise-saas-backend/internal/services/kpi_service.go:2184.2,2184.18 1 0
franchise-saas-backend/internal/services/kpi_service.go:2187.97,2193.2 1 0
franchise-saas-backend/internal/services/kpi_service.go:2197.140,2212.24 5 0
franchise-saas-backend/internal/services/kpi_service.go:2212.24,2215.3 2 0
franchise-saas-backend/internal/services/kpi_service.go:2216.2,2219.16 3 0
franchise-saas-backend/internal/services/kpi_service.go:2219.16,2221.3 1 0
franchise-saas-backend/internal/services/kpi_service.go:2222.2,2224.18 2 0
franchise-saas-backend/internal/services/kpi_service.go:2224.18,2236.3 3 0
franchise-saas-backend/internal/services/kpi_service.go:2238.2,2240.34 3 0
franchise-saas-backend/internal/services/kpi_service.go:2240.34,2241.28 1 0
franchise-saas-backend/internal/services/kpi_service.go:2241.28,2243.4 1 0
franchise-saas-backend/internal/services/kpi_service.go:2246.2,2246.18 1 0
franchise-saas-backend/internal/services/kpi_service.go:2249.132,2254.2 1 0
franchise-saas-backend/internal/services/kpi_service.go:2258.149,2275.16 5 0
franchise-saas-backend/internal/services/kpi_service.go:2275.16,2279.3 2 0
franchise-saas-backend/internal/services/kpi_service.go:2279.8,2282.3 2 0
franchise-saas-backend/internal/services/kpi_service.go:2284.2,2285.26 2 0
franchise-saas-backend/internal/services/kpi_service.go:2285.26,2287.3 1 0
franchise-saas-backend/internal/services/kpi_service.go:2289.2,2289.18 1 0
franchise-saas-backend/internal/services/kpi_service.go:2294.115,2314.16 4 0
franchise-saas-backend/internal/services/kpi_service.go:2314.16,2316.3 1 0
franchise-saas-backend/internal/services/kpi_service.go:2317.2,2319.18 2 0
franchise-saas-backend/internal/services/kpi_service.go:2319.18,2324.62 4 0
franchise-saas-backend/internal/services/kpi_service.go:2324.62,2326.4 1 0
franchise-saas-backend/internal/services/kpi_service.go:2326.9,2326.42 1 0
franchise-saas-backend/internal/services/kpi_service.go:2326.42,2328.4 1 0
franchise-saas-backend/internal/services/kpi_service.go:2330.3,2330.16 1 0
franchise-saas-backend/internal/services/kpi_service.go:2330.16,2338.4 1 0
franchise-saas-backend/internal/services/kpi_service.go:2341.2,2342.18 2 0
franchise-saas-backend/internal/services/kpi_service.go:2345.96,2351.2 1 0
franchise-saas-backend/internal/services/kpi_service.go:2353.91,2359.2 1 0
franchise-saas-backend/internal/services/kpi_service.go:2362.140,2368.25 3 0
franchise-saas-backend/internal/services/kpi_service.go:2368.25,2370.3 1 0
franchise-saas-backend/internal/services/kpi_service.go:2372.2,2373.51 2 0
franchise-saas-backend/internal/services/kpi_service.go:2373.51,2375.3 1 0
franchise-saas-backend/internal/services/kpi_service.go:2377.2,2377.33 1 0
franchise-saas-backend/internal/services/kpi_service.go:2377.33,2391.15 6 0
franchise-saas-backend/internal/services/kpi_service.go:2391.15,2393.4 1 0
franchise-saas-backend/internal/services/kpi_service.go:2395.3,2396.19 2 0
franchise-saas-backend/internal/services/kpi_service.go:2396.19,2398.4 1 0
franchise-saas-backend/internal/services/kpi_service.go:2398.9,2398.26 1 0
franchise-saas-backend/internal/services/kpi_service.go:2398.26,2400.4 1 0
franchise-saas-backend/internal/services/kpi_service.go:2402.3,2410.5 1 0
franchise-saas-backend/internal/services/kpi_service.go:2413.2,2414.18 2 0
franchise-saas-backend/internal/services/kpi_service.go:2418.142,2424.37 3 0
franchise-saas-backend/internal/services/kpi_service.go:2424.37,2426.3 1 0
franchise-saas-backend/internal/services/kpi_service.go:2428.2,2429.77 2 0
franchise-saas-backend/internal/services/kpi_service.go:2429.77,2431.3 1 0
franchise-saas-backend/internal/services/kpi_service.go:2433.2,2433.31 1 0
franchise-saas-backend/internal/services/kpi_service.go:2433.31,2447.3 3 0
franchise-saas-backend/internal/services/kpi_service.go:2449.2,2451.18 3 0
franchise-saas-backend/internal/services/kpi_service.go:2455.127,2460.128 4 0
franchise-saas-backend/internal/services/kpi_service.go:2460.128,2462.3 1 0
franchise-saas-backend/internal/services/kpi_service.go:2464.2,2465.29 2 0
franchise-saas-backend/internal/services/kpi_service.go:2465.29,2473.29 6 0
franchise-saas-backend/internal/services/kpi_service.go:2473.29,2475.4 1 0
franchise-saas-backend/internal/services/kpi_service.go:2477.3,2478.25 2 0
franchise-saas-backend/internal/services/kpi_service.go:2478.25,2480.4 1 0
franchise-saas-backend/internal/services/kpi_service.go:2482.3,2488.5 1 0
franchise-saas-backend/internal/services/kpi_service.go:2490.2,2491.18 2 0
franchise-saas-backend/internal/services/kpi_service.go:2495.128,2499.21 3 0
franchise-saas-backend/internal/services/kpi_service.go:2499.21,2501.3 1 0
franchise-saas-backend/internal/services/kpi_service.go:2503.2,2503.25 1 0
franchise-saas-backend/internal/services/kpi_service.go:2503.25,2509.3 2 0
franchise-saas-backend/internal/services/kpi_service.go:2510.2,2510.18 1 0
franchise-saas-backend/internal/services/kpi_service.go:2514.119,2518.16 3 0
franchise-saas-backend/internal/services/kpi_service.go:2518.16,2520.3 1 0
franchise-saas-backend/internal/services/kpi_service.go:2522.2,2523.115 2 0
franchise-saas-backend/internal/services/kpi_service.go:2523.115,2525.3 1 0
franchise-saas-backend/internal/services/kpi_service.go:2527.2,2527.28 1 0
franchise-saas-backend/internal/services/kpi_service.go:2527.28,2530.20 3 0
franchise-saas-backend/internal/services/kpi_service.go:2530.20,2532.4 1 0
franchise-saas-backend/internal/services/kpi_service.go:2532.9,2532.26 1 0
franchise-saas-backend/internal/services/kpi_service.go:2532.26,2534.4 1 0
franchise-saas-backend/internal/services/kpi_service.go:2536.3,2542.5 1 0
franchise-saas-backend/internal/services/kpi_service.go:2544.2,2544.18 1 0
franchise-saas-backend/internal/services/kpi_service.go:2552.10,2554.2 1 0
franchise-saas-backend/internal/services/kpi_service.go:2557.124,2559.2 1 0
franchise-saas-backend/internal/services/kpi_service.go:2562.122,2569.2 1 0
franchise-saas-backend/internal/services/kpi_service.go:2572.125,2574.2 1 0
franchise-saas-backend/internal/services/kpi_service.go:2577.123,2580.2 2 0
franchise-saas-backend/internal/services/kpi_service.go:2583.112,2585.2 1 0
franchise-saas-backend/internal/services/kpi_service.go:2588.121,2590.2 1 0
franchise-saas-backend/internal/services/kpi_service.go:2593.107,2602.2 1 0
franchise-saas-backend/internal/services/kpi_service.go:2605.117,2607.2 1 0
franchise-saas-backend/internal/services/kpi_service.go:2610.125,2619.2 1 0
franchise-saas-backend/internal/services/kpi_service.go:2622.135,2624.2 1 0
franchise-saas-backend/internal/services/kpi_service.go:2627.113,2629.2 1 0
franchise-saas-backend/internal/services/kpi_service.go:2632.109,2634.2 1 0
franchise-saas-backend/internal/services/kpi_service.go:2637.104,2639.2 1 0
franchise-saas-backend/internal/services/kpi_service.go:2642.99,2644.2 1 0
franchise-saas-backend/internal/services/lead_service.go:16.75,18.2 1 1
franchise-saas-backend/internal/services/lead_service.go:23.126,28.25 1 1
franchise-saas-backend/internal/services/lead_service.go:28.25,30.3 1 1
franchise-saas-backend/internal/services/lead_service.go:33.2,45.53 2 1
franchise-saas-backend/internal/services/lead_service.go:45.53,47.3 1 1
franchise-saas-backend/internal/services/lead_service.go:48.2,48.18 1 1
franchise-saas-backend/internal/services/lead_service.go:51.99,53.2 1 1
franchise-saas-backend/internal/services/lead_service.go:55.107,58.16 2 1
franchise-saas-backend/internal/services/lead_service.go:58.16,60.3 1 1
franchise-saas-backend/internal/services/lead_service.go:61.2,61.53 1 1
franchise-saas-backend/internal/services/lead_service.go:64.123,72.2 2 1
franchise-saas-backend/internal/services/lead_service.go:74.133,76.16 2 1
franchise-saas-backend/internal/services/lead_service.go:76.16,78.3 1 1
franchise-saas-backend/internal/services/lead_service.go:79.2,80.16 2 1
franchise-saas-backend/internal/services/lead_service.go:80.16,82.3 1 1
franchise-saas-backend/internal/services/lead_service.go:83.2,83.30 1 1
franchise-saas-backend/internal/services/notification_service.go:15.99,17.2 1 1
franchise-saas-backend/internal/services/notification_service.go:19.120,21.2 1 1
franchise-saas-backend/internal/services/notification_service.go:23.83,25.2 1 1
franchise-saas-backend/internal/services/notification_service.go:27.92,29.2 1 1
franchise-saas-backend/internal/services/notification_service.go:32.151,41.2 2 1
franchise-saas-backend/internal/services/plan_services.go:36.62,36.94 1 1
franchise-saas-backend/internal/services/plan_services.go:38.96,45.46 2 1
franchise-saas-backend/internal/services/plan_services.go:45.46,47.3 1 1
franchise-saas-backend/internal/services/plan_services.go:48.2,48.15 1 1
franchise-saas-backend/internal/services/plan_services.go:50.85,52.2 1 1
franchise-saas-backend/internal/services/plan_services.go:53.114,55.2 1 1
franchise-saas-backend/internal/services/plan_services.go:56.107,58.16 2 1
franchise-saas-backend/internal/services/plan_services.go:58.16,60.3 1 1
franchise-saas-backend/internal/services/plan_services.go:61.2,61.21 1 1
franchise-saas-backend/internal/services/plan_services.go:61.21,63.3 1 1
franchise-saas-backend/internal/services/plan_services.go:64.2,64.22 1 1
franchise-saas-backend/internal/services/plan_services.go:64.22,66.3 1 0
franchise-saas-backend/internal/services/plan_services.go:67.2,67.26 1 1
franchise-saas-backend/internal/services/plan_services.go:67.26,69.3 1 0
franchise-saas-backend/internal/services/plan_services.go:70.2,70.25 1 1
franchise-saas-backend/internal/services/plan_services.go:70.25,72.3 1 0
franchise-saas-backend/internal/services/plan_services.go:73.2,73.53 1 1
franchise-saas-backend/internal/services/plan_services.go:73.53,75.3 1 0
franchise-saas-backend/internal/services/plan_services.go:76.2,76.22 1 1
franchise-saas-backend/internal/services/plan_services.go:78.72,80.51 1 1
franchise-saas-backend/internal/services/plan_services.go:80.51,82.3 1 1
franchise-saas-backend/internal/services/plan_services.go:83.2,83.31 1 1
franchise-saas-backend/internal/services/schedule_service.go:16.87,18.2 1 1
franchise-saas-backend/internal/services/schedule_service.go:20.130,22.2 1 1
franchise-saas-backend/internal/services/schedule_service.go:24.95,26.2 1 1
franchise-saas-backend/internal/services/schedule_service.go:28.101,30.2 1 1
franchise-saas-backend/internal/services/schedule_service.go:35.134,37.2 1 1
franchise-saas-backend/internal/services/schedule_service.go:40.121,43.22 2 1
franchise-saas-backend/internal/services/schedule_service.go:43.22,45.3 1 1
franchise-saas-backend/internal/services/schedule_service.go:46.2,46.28 1 1
franchise-saas-backend/internal/services/schedule_service.go:46.28,48.3 1 0
franchise-saas-backend/internal/services/schedule_service.go:49.2,49.23 1 1
franchise-saas-backend/internal/services/schedule_service.go:49.23,51.3 1 0
franchise-saas-backend/internal/services/schedule_service.go:52.2,52.25 1 1
franchise-saas-backend/internal/services/schedule_service.go:52.25,54.3 1 0
franchise-saas-backend/internal/services/schedule_service.go:57.2,57.26 1 1
franchise-saas-backend/internal/services/schedule_service.go:57.26,58.69 1 0
franchise-saas-backend/internal/services/schedule_service.go:58.69,60.4 1 0
franchise-saas-backend/internal/services/schedule_service.go:62.2,62.24 1 1
franchise-saas-backend/internal/services/schedule_service.go:62.24,63.67 1 0
franchise-saas-backend/internal/services/schedule_service.go:63.67,65.4 1 0
franchise-saas-backend/internal/services/schedule_service.go:68.2,68.45 1 1
franchise-saas-backend/internal/services/schedule_service.go:72.80,74.2 1 1
franchise-saas-backend/internal/services/user_service.go:22.47,27.2 1 0
franchise-saas-backend/internal/services/user_service.go:29.105,34.2 1 1
franchise-saas-backend/internal/services/user_service.go:38.74,40.2 1 1
franchise-saas-backend/internal/services/user_service.go:42.107,50.16 3 1
franchise-saas-backend/internal/services/user_service.go:50.16,52.3 1 1
franchise-saas-backend/internal/services/user_service.go:53.2,53.61 1 1
franchise-saas-backend/internal/services/user_service.go:56.95,58.16 2 1
franchise-saas-backend/internal/services/user_service.go:58.16,60.3 1 1
franchise-saas-backend/internal/services/user_service.go:61.2,62.16 2 0
franchise-saas-backend/internal/services/user_service.go:62.16,64.3 1 0
franchise-saas-backend/internal/services/user_service.go:65.2,66.16 2 0
franchise-saas-backend/internal/services/user_service.go:66.16,68.3 1 0
franchise-saas-backend/internal/services/user_service.go:69.2,73.78 2 0
franchise-saas-backend/internal/services/user_service.go:78.79,80.2 1 1
franchise-saas-backend/internal/services/user_service.go:83.155,85.50 1 1
franchise-saas-backend/internal/services/user_service.go:85.50,86.77 1 1
franchise-saas-backend/internal/services/user_service.go:86.77,88.4 1 1
franchise-saas-backend/internal/services/user_service.go:93.2,93.63 1 1
franchise-saas-backend/internal/services/user_service.go:93.63,95.3 1 1
franchise-saas-backend/internal/services/user_service.go:98.2,99.16 2 1
franchise-saas-backend/internal/services/user_service.go:99.16,101.3 1 0
franchise-saas-backend/internal/services/user_service.go:102.2,103.22 2 1
franchise-saas-backend/internal/services/user_service.go:103.22,105.3 1 1
franchise-saas-backend/internal/services/user_service.go:108.2,119.75 2 1
franchise-saas-backend/internal/services/user_service.go:119.75,121.3 1 0
franchise-saas-backend/internal/services/user_service.go:122.2,122.19 1 1
franchise-saas-backend/internal/services/user_service.go:125.122,127.16 2 1
franchise-saas-backend/internal/services/user_service.go:127.16,129.3 1 1
franchise-saas-backend/internal/services/user_service.go:130.2,131.25 2 1
franchise-saas-backend/internal/services/user_service.go:131.25,133.3 1 1
franchise-saas-backend/internal/services/user_service.go:134.2,134.24 1 1
franchise-saas-backend/internal/services/user_service.go:134.24,136.3 1 1
franchise-saas-backend/internal/services/user_service.go:137.2,137.21 1 1
franchise-saas-backend/internal/services/user_service.go:137.21,139.3 1 0
franchise-saas-backend/internal/services/user_service.go:140.2,140.20 1 1
franchise-saas-backend/internal/services/user_service.go:140.20,141.77 1 1
franchise-saas-backend/internal/services/user_service.go:141.77,143.4 1 1
franchise-saas-backend/internal/services/user_service.go:144.3,144.32 1 1
franchise-saas-backend/internal/services/user_service.go:146.2,146.26 1 1
franchise-saas-backend/internal/services/user_service.go:146.26,148.3 1 0
franchise-saas-backend/internal/services/user_service.go:150.2,150.94 1 1
franchise-saas-backend/internal/services/user_service.go:150.94,152.3 1 0
franchise-saas-backend/internal/services/user_service.go:153.2,153.61 1 1
franchise-saas-backend/internal/services/user_service.go:156.72,158.16 2 1
franchise-saas-backend/internal/services/user_service.go:158.16,160.3 1 1
franchise-saas-backend/internal/services/user_service.go:161.2,161.60 1 1
franchise-saas-backend/internal/services/user_service.go:166.66,168.2 1 1
franchise-saas-backend/internal/services/user_service.go:173.121,180.58 3 0
franchise-saas-backend/internal/services/user_service.go:180.58,182.3 1 0
franchise-saas-backend/internal/services/user_service.go:183.2,183.19 1 0
franchise-saas-backend/internal/services/user_service.go:187.100,191.16 3 0
franchise-saas-backend/internal/services/user_service.go:191.16,193.3 1 0
franchise-saas-backend/internal/services/user_service.go:195.2,195.22 1 0
franchise-saas-backend/internal/services/user_service.go:195.22,197.3 1 0
franchise-saas-backend/internal/services/user_service.go:199.2,200.27 2 0
franchise-saas-backend/internal/services/user_service.go:200.27,202.3 1 0
franchise-saas-backend/internal/services/user_service.go:204.2,205.101 2 0
franchise-saas-backend/internal/services/user_service.go:205.101,208.3 2 0
franchise-saas-backend/internal/services/user_service.go:210.2,211.29 2 0
franchise-saas-backend/internal/services/user_service.go:211.29,212.23 1 0
franchise-saas-backend/internal/services/user_service.go:212.23,214.4 1 0
franchise-saas-backend/internal/services/user_service.go:217.2,217.24 1 0
franchise-saas-backend/internal/services/user_service.go:217.24,218.46 1 0
franchise-saas-backend/internal/services/user_service.go:218.46,220.4 1 0
franchise-saas-backend/internal/services/user_service.go:223.2,223.20 1 0
franchise-saas-backend/internal/services/user_service.go:227.101,230.2 2 0
franchise-saas-backend/internal/services/user_service.go:233.99,235.85 2 0
franchise-saas-backend/internal/services/user_service.go:235.85,237.3 1 0
franchise-saas-backend/internal/services/user_service.go:238.2,238.20 1 0
franchise-saas-backend/internal/services/user_service.go:242.120,244.16 2 0
franchise-saas-backend/internal/services/user_service.go:244.16,246.3 1 0
franchise-saas-backend/internal/services/user_service.go:248.2,251.64 3 0
franchise-saas-backend/internal/services/user_service.go:251.64,253.3 1 0
franchise-saas-backend/internal/services/user_service.go:254.2,254.19 1 0
franchise-saas-backend/internal/services/user_service.go:258.81,261.2 2 0
